[    0.000000] Initializing cgroup subsys cpuset
[    0.000000] Initializing cgroup subsys cpu
[    0.000000] Initializing cgroup subsys cpuacct
[    0.000000] Linux version 4.4.0-22-generic (buildd@lgw01-41) (gcc version 5.3.1 20160413 (Ubuntu 5.3.1-14ubuntu2) ) #40-Ubuntu SMP Thu May 12 22:03:46 UTC 2016 (Ubuntu 4.4.0-22.40-generic 4.4.8)
[    0.000000] Command line: BOOT_IMAGE=/boot/vmlinuz-4.4.0-22-generic root=UUID=c29b4ac6-4a22-47ed-adaf-1da554816ae6 ro console=tty1 console=ttyS0
[    0.000000] KERNEL supported cpus:
[    0.000000]   Intel GenuineIntel
[    0.000000]   AMD AuthenticAMD
[    0.000000]   Centaur CentaurHauls
[    0.000000] x86/fpu: Legacy x87 FPU detected.
[    0.000000] x86/fpu: Using 'lazy' FPU context switches.
[    0.000000] e820: BIOS-provided physical RAM map:
[    0.000000] BIOS-e820: [mem 0x0000000000000000-0x000000000009fbff] usable
[    0.000000] BIOS-e820: [mem 0x000000000009fc00-0x000000000009ffff] reserved
[    0.000000] BIOS-e820: [mem 0x00000000000f0000-0x00000000000fffff] reserved
[    0.000000] BIOS-e820: [mem 0x0000000000100000-0x000000003ffeffff] usable
[    0.000000] BIOS-e820: [mem 0x000000003fff0000-0x000000003fffffff] ACPI data
[    0.000000] BIOS-e820: [mem 0x00000000fec00000-0x00000000fec00fff] reserved
[    0.000000] BIOS-e820: [mem 0x00000000fee00000-0x00000000fee00fff] reserved
[    0.000000] BIOS-e820: [mem 0x00000000fffc0000-0x00000000ffffffff] reserved
[    0.000000] NX (Execute Disable) protection: active
[    0.000000] SMBIOS 2.5 present.
[    0.000000] Hypervisor detected: KVM
[    0.000000] e820: last_pfn = 0x3fff0 max_arch_pfn = 0x400000000
[    0.000000] x86/PAT: Configuration [0-7]: WB  WC  UC- UC  WB  WC  UC- WT  
[    0.000000] MTRR: Disabled
[    0.000000] CPU MTRRs all blank - virtualized system.
[    0.000000] found SMP MP-table at [mem 0x0009fff0-0x0009ffff] mapped at [ffff88000009fff0]
[    0.000000] Scanning 1 areas for low memory corruption
[    0.000000] RAMDISK: [mem 0x368b6000-0x37452fff]
[    0.000000] ACPI: Early table checksum verification disabled
[    0.000000] ACPI: RSDP 0x00000000000E0000 000024 (v02 VBOX  )
[    0.000000] ACPI: XSDT 0x000000003FFF0030 00003C (v01 VBOX   VBOXXSDT 00000001 ASL  00000061)
[    0.000000] ACPI: FACP 0x000000003FFF00F0 0000F4 (v04 VBOX   VBOXFACP 00000001 ASL  00000061)
[    0.000000] ACPI: DSDT 0x000000003FFF0470 0021C8 (v02 VBOX   VBOXBIOS 00000002 INTL 20100528)
[    0.000000] ACPI: FACS 0x000000003FFF0200 000040
[    0.000000] ACPI: FACS 0x000000003FFF0200 000040
[    0.000000] ACPI: APIC 0x000000003FFF0240 00005C (v02 VBOX   VBOXAPIC 00000001 ASL  00000061)
[    0.000000] ACPI: SSDT 0x000000003FFF02A0 0001CC (v01 VBOX   VBOXCPUT 00000002 INTL 20100528)
[    0.000000] No NUMA configuration found
[    0.000000] Faking a node at [mem 0x0000000000000000-0x000000003ffeffff]
[    0.000000] NODE_DATA(0) allocated [mem 0x3ffeb000-0x3ffeffff]
[    0.000000] kvm-clock: Using msrs 4b564d01 and 4b564d00
[    0.000000] kvm-clock: cpu 0, msr 0:3ffe7001, primary cpu clock
[    0.000000] kvm-clock: using sched offset of 3994897391 cycles
[    0.000000] clocksource: kvm-clock: mask: 0xffffffffffffffff max_cycles: 0x1cd42e4dffb, max_idle_ns: 881590591483 ns
[    0.000000] Zone ranges:
[    0.000000]   DMA      [mem 0x0000000000001000-0x0000000000ffffff]
[    0.000000]   DMA32    [mem 0x0000000001000000-0x000000003ffeffff]
[    0.000000]   Normal   empty
[    0.000000]   Device   empty
[    0.000000] Movable zone start for each node
[    0.000000] Early memory node ranges
[    0.000000]   node   0: [mem 0x0000000000001000-0x000000000009efff]
[    0.000000]   node   0: [mem 0x0000000000100000-0x000000003ffeffff]
[    0.000000] Initmem setup node 0 [mem 0x0000000000001000-0x000000003ffeffff]
[    0.000000] ACPI: PM-Timer IO Port: 0x4008
[    0.000000] IOAPIC[0]: apic_id 2, version 32, address 0xfec00000, GSI 0-23
[    0.000000] ACPI: INT_SRC_OVR (bus 0 bus_irq 0 global_irq 2 dfl dfl)
[    0.000000] ACPI: INT_SRC_OVR (bus 0 bus_irq 9 global_irq 9 high level)
[    0.000000] Using ACPI (MADT) for SMP configuration information
[    0.000000] smpboot: Allowing 2 CPUs, 0 hotplug CPUs
[    0.000000] PM: Registered nosave memory: [mem 0x00000000-0x00000fff]
[    0.000000] PM: Registered nosave memory: [mem 0x0009f000-0x0009ffff]
[    0.000000] PM: Registered nosave memory: [mem 0x000a0000-0x000effff]
[    0.000000] PM: Registered nosave memory: [mem 0x000f0000-0x000fffff]
[    0.000000] e820: [mem 0x40000000-0xfebfffff] available for PCI devices
[    0.000000] Booting paravirtualized kernel on KVM
[    0.000000] clocksource: refined-jiffies: mask: 0xffffffff max_cycles: 0xffffffff, max_idle_ns: 7645519600211568 ns
[    0.000000] setup_percpu: NR_CPUS:256 nr_cpumask_bits:256 nr_cpu_ids:2 nr_node_ids:1
[    0.000000] PERCPU: Embedded 33 pages/cpu @ffff88003fc00000 s98008 r8192 d28968 u1048576
[    0.000000] PV qspinlock hash table entries: 256 (order: 0, 4096 bytes)
[    0.000000] Built 1 zonelists in Node order, mobility grouping on.  Total pages: 257913
[    0.000000] Policy zone: DMA32
[    0.000000] Kernel command line: BOOT_IMAGE=/boot/vmlinuz-4.4.0-22-generic root=UUID=c29b4ac6-4a22-47ed-adaf-1da554816ae6 ro console=tty1 console=ttyS0
[    0.000000] PID hash table entries: 4096 (order: 3, 32768 bytes)
[    0.000000] Memory: 1000752K/1048120K available (8359K kernel code, 1278K rwdata, 3920K rodata, 1480K init, 1292K bss, 47368K reserved, 0K cma-reserved)
[    0.000000] SLUB: HWalign=64, Order=0-3, MinObjects=0, CPUs=2, Nodes=1
[    0.000000] Hierarchical RCU implementation.
[    0.000000] 	Build-time adjustment of leaf fanout to 64.
[    0.000000] 	RCU restricting CPUs from NR_CPUS=256 to nr_cpu_ids=2.
[    0.000000] RCU: Adjusting geometry for rcu_fanout_leaf=64, nr_cpu_ids=2
[    0.000000] NR_IRQS:16640 nr_irqs:440 16
[    0.000000] Console: colour VGA+ 80x25
[    0.000000] console [tty1] enabled
[    0.000000] console [ttyS0] enabled
[    0.000000] tsc: Detected 2994.558 MHz processor
[    0.000000] tsc: Marking TSC unstable due to TSCs unsynchronized
[    0.012000] Calibrating delay loop (skipped) preset value.. 5989.11 BogoMIPS (lpj=11978232)
[    0.016012] pid_max: default: 32768 minimum: 301
[    0.020022] ACPI: Core revision 20150930
[    0.025061] ACPI: 2 ACPI AML tables successfully acquired and loaded
[    0.032416] Security Framework initialized
[    0.036004] Yama: becoming mindful.
[    0.040022] AppArmor: AppArmor initialized
[    0.044089] Dentry cache hash table entries: 131072 (order: 8, 1048576 bytes)
[    0.048285] Inode-cache hash table entries: 65536 (order: 7, 524288 bytes)
[    0.052648] Mount-cache hash table entries: 2048 (order: 2, 16384 bytes)
[    0.056022] Mountpoint-cache hash table entries: 2048 (order: 2, 16384 bytes)
[    0.060197] Initializing cgroup subsys io
[    0.064018] Initializing cgroup subsys memory
[    0.065109] Initializing cgroup subsys devices
[    0.068018] Initializing cgroup subsys freezer
[    0.072018] Initializing cgroup subsys net_cls
[    0.076019] Initializing cgroup subsys perf_event
[    0.080019] Initializing cgroup subsys net_prio
[    0.084019] Initializing cgroup subsys hugetlb
[    0.088024] Initializing cgroup subsys pids
[    0.092144] CPU: Physical Processor ID: 0
[    0.096011] CPU: Processor Core ID: 0
[    0.100015] mce: CPU supports 0 MCE banks
[    0.101072] Last level iTLB entries: 4KB 512, 2MB 16, 4MB 8
[    0.104011] Last level dTLB entries: 4KB 1024, 2MB 128, 4MB 64, 1GB 0
[    0.110416] Freeing SMP alternatives memory: 28K (ffffffff820b3000 - ffffffff820ba000)
[    0.123373] ftrace: allocating 31906 entries in 125 pages
[    0.136113] smpboot: Max logical packages: 1
[    0.140016] smpboot: APIC(0) Converting physical 0 to logical package 0
[    0.144385] x2apic enabled
[    0.148013] Switched APIC routing to physical x2apic.
[    0.153457] ..TIMER: vector=0x30 apic1=0 pin1=2 apic2=-1 pin2=-1
[    0.160000] smpboot: CPU0: AMD A8-3870 APU with Radeon(tm) HD Graphics (family: 0x12, model: 0x1, stepping: 0x0)
[    0.172019] Performance Events: Broken PMU hardware detected, using software events only.
[    0.180012] Failed to access perfctr msr (MSR c0010007 is 0)
[    0.184066] KVM setup paravirtual spinlock
[    0.188699] x86: Booting SMP configuration:
[    0.192004] .... node  #0, CPUs:      #1
[    0.012000] kvm-clock: cpu 1, msr 0:3ffe7041, secondary cpu clock
[    0.012000] mce: CPU supports 0 MCE banks
[    0.253597] x86: Booted up 1 node, 2 CPUs
[    0.256014] smpboot: Total of 2 processors activated (11978.23 BogoMIPS)
[    0.260327] devtmpfs: initialized
[    0.276465] evm: security.selinux
[    0.292002] evm: security.SMACK64
[    0.292002] evm: security.SMACK64EXEC
[    0.292962] evm: security.SMACK64TRANSMUTE
[    0.356016] evm: security.SMACK64MMAP
[    0.376008] evm: security.ima
[    0.432011] evm: security.capability
[    0.456157] clocksource: jiffies: mask: 0xffffffff max_cycles: 0xffffffff, max_idle_ns: 7645041785100000 ns
[    0.556128] pinctrl core: initialized pinctrl subsystem
[    0.612024] RTC time: 12:19:11, date: 04/07/17
[    0.628248] NET: Registered protocol family 16
[    0.704015] cpuidle: using governor ladder
[    0.736028] cpuidle: using governor menu
[    0.744011] PCCT header not found.
[    0.756355] ACPI: bus type PCI registered
[    0.784012] acpiphp: ACPI Hot Plug PCI Controller Driver version: 0.5
[    0.788154] PCI: Using configuration type 1 for base access
[    0.816002] PCI: Using configuration type 1 for extended access
[    0.876104] ACPI: Added _OSI(Module Device)
[    0.880013] ACPI: Added _OSI(Processor Device)
[    0.881108] ACPI: Added _OSI(3.0 _SCP Extensions)
[    0.884012] ACPI: Added _OSI(Processor Aggregator Device)
[    0.886104] ACPI: Executed 1 blocks of module-level executable AML code
[    0.892109] ACPI: Interpreter enabled
[    0.896023] ACPI Exception: AE_NOT_FOUND, While evaluating Sleep State [\_S1_] (20150930/hwxface-580)
[    0.908015] ACPI Exception: AE_NOT_FOUND, While evaluating Sleep State [\_S2_] (20150930/hwxface-580)
[    0.920015] ACPI Exception: AE_NOT_FOUND, While evaluating Sleep State [\_S3_] (20150930/hwxface-580)
[    0.928020] ACPI Exception: AE_NOT_FOUND, While evaluating Sleep State [\_S4_] (20150930/hwxface-580)
[    0.940029] ACPI: (supports S0 S5)
[    0.944002] ACPI: Using IOAPIC for interrupt routing
[    0.948194] PCI: Using host bridge windows from ACPI; if necessary, use "pci=nocrs" and report a bug
[    0.956787] ACPI: PCI Root Bridge [PCI0] (domain 0000 [bus 00-ff])
[    0.960021] acpi PNP0A03:00: _OSC: OS supports [ExtendedConfig ASPM ClockPM Segments MSI]
[    0.964024] acpi PNP0A03:00: _OSC failed (AE_NOT_FOUND); disabling ASPM
[    0.968414] PCI host bridge to bus 0000:00
[    0.972015] pci_bus 0000:00: root bus resource [io  0x0000-0x0cf7 window]
[    0.976016] pci_bus 0000:00: root bus resource [io  0x0d00-0xffff window]
[    0.980013] pci_bus 0000:00: root bus resource [mem 0x000a0000-0x000bffff window]
[    0.984015] pci_bus 0000:00: root bus resource [mem 0x40000000-0xffdfffff window]
[    0.988004] pci_bus 0000:00: root bus resource [bus 00-ff]
[    0.994326] pci 0000:00:01.1: legacy IDE quirk: reg 0x10: [io  0x01f0-0x01f7]
[    0.996012] pci 0000:00:01.1: legacy IDE quirk: reg 0x14: [io  0x03f6]
[    1.000015] pci 0000:00:01.1: legacy IDE quirk: reg 0x18: [io  0x0170-0x0177]
[    1.004014] pci 0000:00:01.1: legacy IDE quirk: reg 0x1c: [io  0x0376]
[    1.038867] pci 0000:00:07.0: quirk: [io  0x4000-0x403f] claimed by PIIX4 ACPI
[    1.040037] pci 0000:00:07.0: quirk: [io  0x4100-0x410f] claimed by PIIX4 SMB
[    1.062375] ACPI: PCI Interrupt Link [LNKA] (IRQs 5 9 10 *11)
[    1.076715] ACPI: PCI Interrupt Link [LNKB] (IRQs 5 9 10 *11)
[    1.080146] ACPI: PCI Interrupt Link [LNKC] (IRQs 5 9 *10 11)
[    1.092595] ACPI: PCI Interrupt Link [LNKD] (IRQs 5 *9 10 11)
[    1.097156] ACPI: Enabled 2 GPEs in block 00 to 07
[    1.100153] vgaarb: setting as boot device: PCI:0000:00:02.0
[    1.104000] vgaarb: device added: PCI:0000:00:02.0,decodes=io+mem,owns=io+mem,locks=none
[    1.104011] vgaarb: loaded
[    1.108008] vgaarb: bridge control possible 0000:00:02.0
[    1.112290] SCSI subsystem initialized
[    1.116091] ACPI: bus type USB registered
[    1.117203] usbcore: registered new interface driver usbfs
[    1.120038] usbcore: registered new interface driver hub
[    1.121310] usbcore: registered new device driver usb
[    1.124160] PCI: Using ACPI for IRQ routing
[    1.132221] NetLabel: Initializing
[    1.136011] NetLabel:  domain hash size = 128
[    1.140010] NetLabel:  protocols = UNLABELED CIPSOv4
[    1.144021] NetLabel:  unlabeled traffic allowed by default
[    1.148113] clocksource: Switched to clocksource kvm-clock
[    1.159108] AppArmor: AppArmor Filesystem Enabled
[    1.258511] pnp: PnP ACPI init
[    1.346561] pnp: PnP ACPI: found 3 devices
[    1.403692] clocksource: acpi_pm: mask: 0xffffff max_cycles: 0xffffff, max_idle_ns: 2085701024 ns
[    1.430969] NET: Registered protocol family 2
[    1.444089] TCP established hash table entries: 8192 (order: 4, 65536 bytes)
[    1.451855] TCP bind hash table entries: 8192 (order: 5, 131072 bytes)
[    1.470632] TCP: Hash tables configured (established 8192 bind 8192)
[    1.496752] UDP hash table entries: 512 (order: 2, 16384 bytes)
[    1.524091] UDP-Lite hash table entries: 512 (order: 2, 16384 bytes)
[    1.537342] NET: Registered protocol family 1
[    1.538423] pci 0000:00:00.0: Limiting direct PCI/PCI transfers
[    1.539784] pci 0000:00:01.0: Activating ISA DMA hang workarounds
[    1.550442] Trying to unpack rootfs image as initramfs...
[    1.746777] Freeing initrd memory: 11892K (ffff8800368b6000 - ffff880037453000)
[    1.838264] clocksource: tsc: mask: 0xffffffffffffffff max_cycles: 0x2b2a30bfd05, max_idle_ns: 440795278581 ns
ÿ[    1.840305] platform rtc_cmos: registered platform RTC device (no PNP device found)
[    1.840340] Scanning for low memory corruption every 60 seconds
[    1.840612] futex hash table entries: 512 (order: 3, 32768 bytes)
[    1.840635] audit: initializing netlink subsys (disabled)
[    1.840652] audit: type=2000 audit(1491567555.359:1): initialized
[    1.841008] Initialise system trusted keyring
[    1.841165] HugeTLB registered 2 MB page size, pre-allocated 0 pages
[    1.842631] zbud: loaded
[    1.842824] VFS: Disk quotas dquot_6.6.0
[    1.842856] VFS: Dquot-cache hash table entries: 512 (order 0, 4096 bytes)
[    1.843985] fuse init (API version 7.23)
[    1.844136] Key type big_key registered
[    1.844157] Allocating IMA MOK and blacklist keyrings.
[    1.844463] Key type asymmetric registered
[    1.844465] Asymmetric key parser 'x509' registered
[    1.844502] Block layer SCSI generic (bsg) driver version 0.4 loaded (major 249)
[    1.844529] io scheduler noop registered
[    1.844532] io scheduler deadline registered (default)
[    1.844563] io scheduler cfq registered
[    1.844657] pci_hotplug: PCI Hot Plug PCI Core version: 0.5
[    1.844661] pciehp: PCI Express Hot Plug Controller Driver version: 0.4
[    1.844836] ACPI: AC Adapter [AC] (on-line)
[    1.844888] input: Power Button as /devices/LNXSYSTM:00/LNXPWRBN:00/input/input0
[    1.844891] ACPI: Power Button [PWRF]
[    1.844965] input: Sleep Button as /devices/LNXSYSTM:00/LNXSLPBN:00/input/input1
[    1.844966] ACPI: Sleep Button [SLPF]
[    1.845116] GHES: HEST is not enabled!
[    1.845214] Serial: 8250/16550 driver, 32 ports, IRQ sharing enabled
[    1.941252] 00:02: ttyS0 at I/O 0x3f8 (irq = 4, base_baud = 115200) is a 16550A
[    1.985849] Linux agpgart interface v0.103
[    2.005126] brd: module loaded
[    2.006080] loop: module loaded
[    2.006717] scsi host0: ata_piix
[    2.006793] scsi host1: ata_piix
[    2.006827] ata1: PATA max UDMA/33 cmd 0x1f0 ctl 0x3f6 bmdma 0xd000 irq 14
[    2.006828] ata2: PATA max UDMA/33 cmd 0x170 ctl 0x376 bmdma 0xd008 irq 15
[    2.006909] libphy: Fixed MDIO Bus: probed
[    2.006911] tun: Universal TUN/TAP device driver, 1.6
[    2.006912] tun: (C) 1999-2004 Max Krasnyansky <maxk@qualcomm.com>
[    2.007317] PPP generic driver version 2.4.2
[    2.007378] ehci_hcd: USB 2.0 'Enhanced' Host Controller (EHCI) Driver
[    2.007382] ehci-pci: EHCI PCI platform driver
[    2.007392] ehci-platform: EHCI generic platform driver
[    2.007400] ohci_hcd: USB 1.1 'Open' Host Controller (OHCI) Driver
[    2.007403] ohci-pci: OHCI PCI platform driver
[    2.007412] ohci-platform: OHCI generic platform driver
[    2.007418] uhci_hcd: USB Universal Host Controller Interface driver
[    2.007469] i8042: PNP: PS/2 Controller [PNP0303:PS2K,PNP0f03:PS2M] at 0x60,0x64 irq 1,12
[    2.064387] serio: i8042 KBD port at 0x60,0x64 irq 1
[    2.064396] serio: i8042 AUX port at 0x60,0x64 irq 12
[    2.064561] mousedev: PS/2 mouse device common for all mice
[    2.064914] rtc_cmos rtc_cmos: rtc core: registered rtc_cmos as rtc0
[    2.064987] rtc_cmos rtc_cmos: alarms up to one day, 114 bytes nvram
[    2.064993] i2c /dev entries driver
[    2.065048] device-mapper: uevent: version 1.0.3
[    2.065107] device-mapper: ioctl: 4.34.0-ioctl (2015-10-28) initialised: dm-devel@redhat.com
[    2.065122] ledtrig-cpu: registered to indicate activity on CPUs
[    2.065410] NET: Registered protocol family 10
[    2.065560] NET: Registered protocol family 17
[    2.065569] Key type dns_resolver registered
[    2.066793] microcode: CPU0: patch_level=0x06000626
[    2.066802] microcode: CPU1: patch_level=0x06000626
[    2.066838] microcode: Microcode Update Driver: v2.01 <tigran@aivazian.fsnet.co.uk>, Peter Oruba
[    2.066996] registered taskstats version 1
[    2.067013] Loading compiled-in X.509 certificates
[    2.067968] Loaded X.509 cert 'Build time autogenerated kernel key: 10281ca0c0463cd0680138fff55319c9bd7d63b8'
[    2.067985] zswap: loaded using pool lzo/zbud
[    2.069995] Key type trusted registered
[    2.072528] Key type encrypted registered
[    2.072536] AppArmor: AppArmor sha1 policy hashing enabled
[    2.072539] ima: No TPM chip found, activating TPM-bypass!
[    2.072562] evm: HMAC attrs: 0x1
[    2.072916]   Magic number: 13:56:329
[    2.072939] tty tty50: hash matches
[    2.116926] rtc_cmos rtc_cmos: setting system clock to 2017-04-07 12:19:14 UTC (1491567554)
[    2.117121] BIOS EDD facility v0.16 2004-Jun-25, 0 devices found
[    2.117122] EDD information not available.
[    2.312812] input: AT Translated Set 2 keyboard as /devices/platform/i8042/serio0/input/input2
[    4.202136] Freeing unused kernel memory: 1480K (ffffffff81f41000 - ffffffff820b3000)
[    4.257396] Write protecting the kernel read-only data: 14336k
[    4.289240] Freeing unused kernel memory: 1868K (ffff88000182d000 - ffff880001a00000)
[    4.324263] Freeing unused kernel memory: 176K (ffff880001dd4000 - ffff880001e00000)
Loading, please wait...
starting version 229
[    4.375235] random: systemd-udevd urandom read with 4 bits of entropy available
[    4.422181] e1000: Intel(R) PRO/1000 Network Driver - version 7.3.21-k8-NAPI
[    4.453356] e1000: Copyright (c) 1999-2006 Intel Corporation.
[    4.477909] Fusion MPT base driver 3.04.20
[    4.507195] Copyright (c) 1999-2008 LSI Corporation
[    4.515094] Fusion MPT SPI Host driver 3.04.20
[    4.788330] input: ImExPS/2 Generic Explorer Mouse as /devices/platform/i8042/serio1/input/input4
[    4.958037] e1000 0000:00:03.0 eth0: (PCI:33MHz:32-bit) 02:40:05:c5:17:35
[    4.966674] e1000 0000:00:03.0 eth0: Intel(R) PRO/1000 Network Connection
[    5.366645] e1000 0000:00:08.0 eth1: (PCI:33MHz:32-bit) 08:00:27:ed:df:84
[    5.418370] e1000 0000:00:08.0 eth1: Intel(R) PRO/1000 Network Connection
[    5.441053] e1000 0000:00:03.0 enp0s3: renamed from eth0
[    5.442601] mptbase: ioc0: Initiating bringup
[    5.468575] e1000 0000:00:08.0 enp0s8: renamed from eth1
[    5.544457] ioc0: LSI53C1030 A0: Capabilities={Initiator}
[    5.754311] scsi host2: ioc0: LSI53C1030 A0, FwRev=00000000h, Ports=1, MaxQ=256, IRQ=20
[    5.920834] scsi 2:0:0:0: Direct-Access     VBOX     HARDDISK         1.0  PQ: 0 ANSI: 5
[    5.970796] scsi target2:0:0: Beginning Domain Validation
[    6.041921] scsi target2:0:0: Domain Validation skipping write tests
[    6.079131] scsi target2:0:0: Ending Domain Validation
[    6.100525] scsi target2:0:0: asynchronous
[    6.141108] scsi 2:0:1:0: Direct-Access     VBOX     HARDDISK         1.0  PQ: 0 ANSI: 5
[    6.213350] scsi target2:0:1: Beginning Domain Validation
[    6.218882] scsi target2:0:1: Domain Validation skipping write tests
[    6.220307] scsi target2:0:1: Ending Domain Validation
[    6.221605] scsi target2:0:1: asynchronous
[    6.262571] sd 2:0:0:0: Attached scsi generic sg0 type 0
[    6.281325] sd 2:0:0:0: [sda] 20971520 512-byte logical blocks: (10.7 GB/10.0 GiB)
[    6.301698] sd 2:0:0:0: [sda] Write Protect is off
[    6.302125] sd 2:0:1:0: [sdb] 20480 512-byte logical blocks: (10.5 MB/10.0 MiB)
[    6.302275] sd 2:0:1:0: [sdb] Write Protect is off
[    6.302501] sd 2:0:1:0: [sdb] Incomplete mode parameter data
[    6.302503] sd 2:0:1:0: [sdb] Assuming drive cache: write through
[    6.302518] sd 2:0:1:0: Attached scsi generic sg1 type 0
[    6.322372] sd 2:0:1:0: [sdb] Attached SCSI disk
[    6.372186] sd 2:0:0:0: [sda] Incomplete mode parameter data
[    6.398068] sd 2:0:0:0: [sda] Assuming drive cache: write through
[    6.438712]  sda: sda1
[    6.455241] sd 2:0:0:0: [sda] Attached SCSI disk
[    7.476704] floppy0: no floppy controllers found
Begin: Loading e[    8.957778] md: linear personality registered for level -1
ssential drivers[    9.006854] md: multipath personality registered for level -4
 ... [    9.057691] md: raid0 personality registered for level 0
[    9.099301] md: raid1 personality registered for level 1
[    9.180242] raid6: sse2x1   gen()  2840 MB/s
[    9.280217] raid6: sse2x1   xor()  2690 MB/s
[    9.360199] raid6: sse2x2   gen()  3455 MB/s
[    9.460225] raid6: sse2x2   xor()  3218 MB/s
[    9.536266] raid6: sse2x4   gen()  3743 MB/s
[    9.656249] raid6: sse2x4   xor()  2236 MB/s
[    9.686359] raid6: using algorithm sse2x4 gen() 3743 MB/s
[    9.692989] raid6: .... xor() 2236 MB/s, rmw enabled
[    9.712758] raid6: using intx1 recovery algorithm
[    9.750245] xor: measuring software checksum speed
[    9.844328]    prefetch64-sse: 11697.000 MB/sec
[    9.900282]    generic_sse: 10087.000 MB/sec
[    9.924898] xor: using function: prefetch64-sse (11697.000 MB/sec)
[    9.944232] async_tx: api initialized (async)
[    9.964892] md: raid6 personality registered for level 6
[   10.002412] md: raid5 personality registered for level 5
[   10.043524] md: raid4 personality registered for level 4
[   10.090801] md: raid10 personality registered for level 10
done.
Begin: Running /scripts/init-premount ... done.
Begin: Mounting root file system ... Begin: Running /scripts/local-top ... done.
Begin:[   10.166012] Btrfs loaded
 Running /scripts/local-premount ... Scanning for Btrfs filesystems
done.
Warning: fsck no[   10.224699] EXT4-fs (sda1): INFO: recovery required on readonly filesystem
t present, so sk[   10.237403] EXT4-fs (sda1): write access will be enabled during recovery
ipping root file system
[   10.445977] EXT4-fs (sda1): orphan cleanup on readonly fs
[   10.514445] EXT4-fs (sda1): 27 orphan inodes deleted
[   10.558188] EXT4-fs (sda1): recovery complete
[   10.566626] EXT4-fs (sda1): mounted filesystem with ordered data mode. Opts: (null)
done.
Begin: Running /scripts/local-bottom ... done.
Begin: Running /scripts/init-bottom ... done.
[   10.916224] random: nonblocking pool is initialized
[   11.624693] systemd[1]: systemd 229 running in system mode. (+PAM +AUDIT +SELINUX +IMA +APPARMOR +SMACK +SYSVINIT +UTMP +LIBCRYPTSETUP +GCRYPT +GNUTLS +ACL +XZ -LZ4 +SECCOMP +BLKID +ELFUTILS +KMOD -IDN)
[   11.709760] systemd[1]: Detected virtualization oracle.
[   11.755223] systemd[1]: Detected architecture x86-64.

Welcome to [1mUbuntu 16.04.2 LTS[0m!

[   11.821337] systemd[1]: Set hostname to <ubuntu-xenial>.
[   14.369609] systemd[1]: Reached target User and Group Name Lookups.
[[0;32m  OK  [0m] Reached target User and Group Name Lookups.
[   14.440423] systemd[1]: Listening on Journal Socket.
[[0;32m  OK  [0m] Listening on Journal Socket.
[   14.585112] systemd[1]: Listening on LVM2 metadata daemon socket.
[[0;32m  OK  [0m] Listening on LVM2 metadata daemon socket.
[   14.636950] systemd[1]: Listening on Journal Audit Socket.
[[0;32m  OK  [0m] Listening on Journal Audit Socket.
[   14.700803] systemd[1]: Listening on /dev/initctl Compatibility Named Pipe.
[[0;32m  OK  [0m] Listening on /dev/initctl Compatibility Named Pipe.
[   14.764407] systemd[1]: Listening on udev Kernel Socket.
[[0;32m  OK  [0m] Listening on udev Kernel Socket.
[   14.848696] systemd[1]: Listening on Journal Socket (/dev/log).
[[0;32m  OK  [0m] Listening on Journal Socket (/dev/log).
[   14.924713] systemd[1]: Reached target Encrypted Volumes.
[[0;32m  OK  [0m] Reached target Encrypted Volumes.
[   14.948826] systemd[1]: Set up automount Arbitrary Executable File Formats File System Automount Point.
[[0;32m  OK  [0m] Set up automount Arbitrary Executab...ats File System Automount Point.
[   15.120763] systemd[1]: Reached target Swap.
[[0;32m  OK  [0m] Reached target Swap.
[   15.156823] systemd[1]: Listening on Syslog Socket.
[[0;32m  OK  [0m] Listening on Syslog Socket.
[   15.202732] systemd[1]: Created slice System Slice.
[[0;32m  OK  [0m] Created slice System Slice.
[   15.252796] systemd[1]: Starting Set console keymap...
         Starting Set console keymap...
[   15.352471] systemd[1]: Starting Create list of required static device nodes for the current kernel...
         Starting Create list of required st... nodes for the current kernel...
[   15.448668] systemd[1]: Mounting POSIX Message Queue File System...
         Mounting POSIX Message Queue File System...
[   15.532202] systemd[1]: Mounting Huge Pages File System...
         Mounting Huge Pages File System...
[   15.627381] systemd[1]: Starting Uncomplicated firewall...
         Starting Uncomplicated firewall...
[   15.70080] systemd[1]: Starting Load Kernel Modules...
         Starting Load Kernel Modules...
[   15.825085] systemd[1]: Mounting RPC Pipe File System...
         Mounting RPC Pipe File System...
[   15.912372] systemd[1]: Starting Remount Root and Kernel File Systems...
         [   15.950182] Loading iSCSI transport class v2.0-870.
Starting Remount Root and Kernel File Systems...[   16.112504] RPC: Registered named UNIX socket transport module.

[   16.123172] RPC: Registered udp transport module.
[   16.174809] RPC: Registered tcp transport module.
[   16.174825] EXT4-fs (sda1): re-mounted. Opts: (null)
[   16.175916] systemd[1]: Starting Journal Service...
[   16.236826] RPC: Registered tcp NFSv4.1 backchannel transport module.
         Starting Journal Service...
[   16.452490] systemd[1]: Listening on LVM2 poll daemon socket.
[   16.467074] iscsi: registered transport (tcp)
[[0;32m  OK  [0m] Listening on LVM2 poll daemon socket.
[   16.528767] systemd[1]: Created slice User and Session Slice.
[[0;32m  OK  [0m] Created slice User and Session Slice.
[   16.550086] systemd[1]: Created slice system-serial\x2dgetty.slice.
[[0;32m  OK  [0m] Created slice system-serial\x2dgetty.slice.
[   16.642193] systemd[1]: Listening on Device-mapper event daemon FIFOs.
[[0;32m  OK  [0m] Listening on Device-mapper event daemon FIFO[   16.961420] iscsi: registered transport (iser)
s.
[   17.024839] systemd[1]: Started Forward Password Requests to Wall Directory Watch.
[[0;32m  OK  [0m] Started Forward Password Requests to Wall Directory Watch.
[   17.112435] systemd[1]: Starting Nameserver information manager...
         Starting Nameserver information manager...
[   17.137540] systemd[1]: Starting Monitoring of LVM2 mirrors, snapshots etc. using dmeventd or progress polling...
         Starting Monitoring of LVM2 mirrors... dmeventd or progress polling...
[   17.145765] systemd[1]: Reached target Slices.
[[0;32m  OK  [0m] Reached target Slices.
[   17.150200] systemd[1]: Listening on udev Control Socket.
[[0;32m  OK  [0m] Listening on udev Control Socket.
[   17.156044] systemd[1]: Mounting Debug File System...
         Mounting Debug File System...
[   17.189668] systemd[1]: Mounted RPC Pipe File System.
[[0;32m  OK  [0m] Mounted RPC Pipe File System.
[   17.256640] systemd[1]: Mounted Debug File System.
[[0;32m  OK  [0m] Mounted Debug File System.
[   17.286517] systemd[1]: Mounted POSIX Message Queue File System.
[[0;32m  OK  [0m] Mounted POSIX Message Queue File System.
[   17.291178] systemd[1]: Mounted Huge Pages File System.
[[0;32m  OK  [0m] Mounted Huge Pages File System.
[   17.292647] systemd[1]: Started Journal Service.
[[0;32m  OK  [0m] Started Journal Service.
[[0;32m  OK  [0m] Started Set console keymap.
[[0;32m  OK  [0m] Started Create list of required sta...ce nodes for the current kernel.
[[0;32m  OK  [0m] Started Uncomplicated firewall.
[[0;32m  OK  [0m] Started Load Kernel Modules.
[[0;32m  OK  [0m] Started Remount Root and Kernel File Systems.
[[0;32m  OK  [0m] Started Nameserver information manager.
[[0;32m  OK  [0m] Started LVM2 metadata daemon.
         Starting Load/Save Random Seed...
         Starting udev Coldplug all Devices...
         Starting Initial cloud-init job (pre-networking)...
         Starting Apply Kernel Variables...
         Mounting FUSE Control File System...
         Starting Create Static Device Nodes in /dev...
         Starting Flush Journal to Persistent Storage...
[[0;32m  OK  [0m] Mounted FUSE Control File System.
[[0;32m  OK  [0m] Started Load/Save Random Seed.
[[0;32m  OK  [0m] Started udev Coldplug all Devices.
[[0;32m  OK  [0m] Started Apply Kernel Variables.
[[0;32m  OK  [0m] Started Flush Journal to Persistent Storage.
[[0;32m  OK  [0m] Started Monitoring of LVM2 mirrors,...ng dmeventd or progress polling.
[[0;32m  OK  [0m] Started Create Static Device Nodes in /dev.
         Starting udev Kernel Device Manager...
[[0;32m  OK  [0m] Started udev Kernel Device Manager.
[[0;32m  OK  [0m] Reached target Local File Systems (Pre).
[[0;32m  OK  [0m] Reached target Local File Systems.
         Starting Set console font and keymap...
         Starting LSB: AppArmor initialization...
         Starting Tell Plymouth To Write Out Runtime Data...
         Starting Preprocess NFS configuration...
         Starting Create Volatile Files and Directories...
[[0;32m  OK  [0m] Started Dispatch Password Requests to Console Directory Watch.
[[0;32m  OK  [0m] Started Tell Plymouth To Write Out Runtime Data.
[[0;32m  OK  [0m] Started Preprocess NFS configuration.
[[0;32m  OK  [0m] Reached target NFS client services.
[[0;32m  OK  [0m] Found device /dev/ttyS0.
[[0;32m  OK  [0m] Listening on Load/Save RF Kill Switch Status /dev/rfkill Watch.
[[0;32m  OK  [0m] Found device 82540EM Gigabit Ethern...r (PRO/1000 MT Desktop Adapter).
[[0;32m  OK  [0m] Found device 82540EM Gigabit Ethern...r (PRO/1000 MT Desktop Adapter).
[[0;32m  OK  [0m] Started LSB: AppArmor initialization.
[[0;32m  OK  [0m] Started Set console font and keymap.
[[0;32m  OK  [0m] Created slice system-getty.slice.
[   34.277352] cloud-init[455]: Cloud-init v. 0.7.9 running 'init-local' at Fri, 07 Apr 2017 12:19:45 +0000. Up 33.27 seconds.
[[0;32m  OK  [0m] Started Create Volatile Files and Directories.
         Starting Network Time Synchronization...
         Starting Update UTMP about System Boot/Shutdown...
[[0;32m  OK  [0m] Started Initial cloud-init job (pre-networking).
[[0;32m  OK  [0m] Reached target Network (Pre).
         Starting Raise network interfaces...
[[0;32m  OK  [0m] Started ifup for enp0s3.
[[0;32m  OK  [0m] Started ifup for enp0s8.
[[0;32m  OK  [0m] Started Network Time Synchronization.
[[0;32m  OK  [0m] Reached target System Time Synchronized.
[[0;32m  OK  [0m] Started Update UTMP about System Boot/Shutdown.
[[0;32m  OK  [0m] Started Raise network interfaces.
         Starting Initial cloud-init job (metadata service crawler)...
[[0;32m  OK  [0m] Reached target Network.
[   37.020833] cloud-init[1048]: Cloud-init v. 0.7.9 running 'init' at Fri, 07 Apr 2017 12:19:48 +0000. Up 36.16 seconds.
[   37.124648] [cloud-init[0;32m  OK  [0m[1048]: ] ci-info: ++++++++++++++++++++++++++++++++++++++Net device info++++++++++++++++++++++++++++++++++++++Started Initial cloud-init job (metadata service crawler).

[   37.125229] cloud-init[1048]: ci-info: +--------+------+-----------------------------+---------------+-------+-------------------+
[   37.340596] cloud-init[1048]: ci-info: | Device |  Up  |           Address           |      Mask     | Scope |     Hw-Address    |
[[0;32m  OK  [0m] Reached target Cloud-config availability.
[[0;32m  OK  [0m] Reached target System Initialization.
[[0;32m  OK  [0m] Listening on ACPID Listen Socket.
         Starting Socket activation for snappy daemon.
[   37.341236] cloud-init[1048]: ci-info: +--------+------+-----------------------------+---------------+-------+-------------------+
[   37.568663] [cloud-init[0;32m  OK  [0m[1048]: ] ci-info: | enp0s8 | True |        192.168.33.71        | 255.255.255.0 |   .   | 08:00:27:ed:df:84 |Started ACPI Events Check.

[[0;32m  OK  [0m] Started Trigger resolvconf update for networkd DNS.
[   37.569293] cloud-init[1048]: ci-info: | enp0s8 | True | fe80::a00:27ff:feed:df84/64 |       .       |  link | 08:00:27:ed:df:84 |
[[0;32m  OK  [0m] Reached target Paths.
[[0;32m  OK  [0m] Listening on D-Bus System Message Bus Socket.
[[0;32m  OK  [0m] Started Daily Cleanup of Temporary Directories.
[   37.665411] cloud-init[1048]: ci-info: |   lo   | True |          127.0.0.1          |   255.0.0.0   |   .   |         .         |
[   37.968742] [cloud-init[0;32m  OK  [0m[1048]: ] ci-info: |   lo   | True |           ::1/128           |       .       |  host |         .         |Started Daily apt activities.

[[0;32m  OK  [0m] Reached target Timers.
[[0;32m  OK  [0m] Listening on UUID daemon activation socket.
[   37.969353] cloud-init[1048]: ci-info: | enp0s3 | True |          10.0.2.15          | 255.255.255.0 |   .   | 02:40:05:c5:17:35 |
[   38.212750]          cloud-initStarting LXD - unix socket.[1048]: 
ci-info: | enp0s3 | True |  fe80::40:5ff:fec5:1735/64  |       .       |  link | 02:40:05:c5:17:35 |
[   38.328738] [cloud-init[0;32m  OK  [0m[1048]: ] ci-info: +--------+------+-----------------------------+---------------+-------+-------------------+Listening on RPCbind Server Activation Socket.

[[0;32m  OK  [0m] Reached target Network is Online.
[   38.329348] cloud-init[1048]: ci-info: ++++++++++++++++++++++++++++Route IPv4 info++++++++++++++++++++++++++++
[   38.513870] cloud-init[1048]: ci-info: +-------+--------------+----------+---------------+-----------+-------+
[   38.514192] cloud-init[1048]: ci-info: | Route | Destination  | Gateway  |    Genmask    | Interface | Flags |
         Starting iSCSI initiator daemon (iscsid)...
[   38.514395] cloud-init[1048]: ci-info: +-------+--------------+----------+---------------+-----------+-------+
[   38.797412] cloud-init[1048]: ci-info: |   0   |   0.0.0.0    | 10.0.2.2 |    0.0.0.0    |   enp0s3  |   UG  |
[[0;32m  OK  [0m] Listening on Socket activation for snappy daemon.
[   38.797746] cloud-init[1048]: ci-info: |   1   |   10.0.2.0   | 0.0.0.0  | 255.255.255.0 |   enp0s3  |   U   |
[   38.952817] cloud-init[1048]: ci-info: |   2   | 192.168.33.0 | 0.0.0.0  | 255.255.255.0 |   enp0s8  |   U   |
[   38.953232] cloud-init[1048]: ci-info: +-------+--------------+----------+---------------+-----------+-------+
[[0;32m  OK  [0m] Listening on LXD - unix socket.
[[0;32m  OK  [0m] Reached target Sockets.
[[0;32m  OK  [0m] Reached target Basic System.
[[0;32m  OK  [0m] Started Deferred execution scheduler.
         Starting LXD - container startup/shutdown...
         Starting LSB: Record successful boot for GRUB...
         Starting Login Service...
         Starting System Logging Service...
[[0;32m  OK  [0m] Started FUSE filesystem for LXC.
         Starting Accounts Service...
         Starting Apply the settings specified in cloud-config...
         Starting LSB: MD monitoring daemon...
         Starting /etc/rc.local Compatibility...
[[0;32m  OK  [0m] Started ACPI event daemon.
[[0;32m  OK  [0m] Started D-Bus System Message Bus.
[   40.194088] cloud-init[1124]: Cloud-init v. 0.7.9 running 'modules:config' at Fri, 07 Apr 2017 12:19:52 +0000. Up 39.87 seconds.
         Starting OpenBSD Secure Shell server...
[[0;32m  OK  [0m] Started Regular background program processing daemon.
[[0;32m  OK  [0m] Started System Logging Service.
[[0;32m  OK  [0m] Started iSCSI initiator daemon (iscsid).
[[0;32m  OK  [0m] Started Apply the settings specified in cloud-config.
[[0;32m  OK  [0m] Started /etc/rc.local Compatibility.
         Starting Login to default iSCSI targets...
[[0;32m  OK  [0m] Started Login Service.
         Starting Authenticate and Authorize Users to Run Privileged Tasks...
[[0;32m  OK  [0m] Started Login to default iSCSI targets.
[[0;32m  OK  [0m] Started LSB: Record successful boot for GRUB.
[[0;32m  OK  [0m] Reached target Remote File Systems (Pre).
[[0;32m  OK  [0m] Reached target Remote File Systems.
         Starting Permit User Sessions...
         Starting LSB: Set the CPU Frequency Scaling governor to "ondemand"...
         Starting LSB: starts php-fpm...
         Starting LSB: daemon to balance interrupts for SMP systems...
         Starting LSB: automatic crash report generation...
[[0;32m  OK  [0m] Started LSB: MD monitoring daemon.
[[0;32m  OK  [0m] Started Permit User Sessions.
[[0;32m  OK  [0m] Started Authenticate and Authorize Users to Run Privileged Tasks.
[[0;32m  OK  [0m] Started Accounts Service.
[[0;32m  OK  [0m] Started LSB: Set the CPU Frequency Scaling governor to "ondemand".
         Starting Hold until boot process finishes up...
         Starting Terminate Plymouth Boot Screen...
[[0;32m  OK  [0m] Started Hold until boot process finishes up.
[[0;32m  OK  [0m] Started LSB: daemon to balance interrupts for SMP systems.
[[0;32m  OK  [0m] Started Terminate Plymouth Boot Screen.
[[0;32m  OK  [0m] Started Serial Getty on ttyS0.
[[0;32m  OK  [0m] Started Getty on tty1.
[[0;32m  OK  [0m] Reached target Login Prompts.
         Starting Set console scheme...
[[0;32m  OK  [0m] Started LSB: automatic crash report generation.
[[0;32m  OK  [0m] Started OpenBSD Secure Shell server.
[[0;32m  OK  [0m] Started Set console scheme.
[[0;32m  OK  [0m] Created slice User Slice of ubuntu.
         Starting User Manager for UID 1000...
[[0;32m  OK  [0m] Started Session 1 of user ubuntu.
[[0;32m  OK  [0m] Started LXD - container startup/shutdown.
[[0;32m  OK  [0m] Started User Manager for UID 1000.
[[0;32m  OK  [0m] Started LSB: starts php-fpm.
[[0;32m  OK  [0m] Reached target Multi-User System.
[[0;32m  OK  [0m] Reached target Graphical Interface.
         Starting Execute cloud user/final scripts...
         Starting Update UTMP about System Runlevel Changes...
[[0;32m  OK  [0m] Started Update UTMP about System Runlevel Changes.
[   47.153447] cloud-init[1315]: Cloud-init v. 0.7.9 running 'modules:final' at Fri, 07 Apr 2017 12:19:59 +0000. Up 46.90 seconds.
[   47.192941] cloud-init[1315]: Cloud-init v. 0.7.9 finished at Fri, 07 Apr 2017 12:19:59 +0000. Datasource DataSourceNoCloud [seed=/dev/sdb][dsmode=net].  Up 47.14 seconds
[[0;32m  OK  [0m] Started Execute cloud user/final scripts.
[[0;32m  OK  [0m] Reached target Cloud-init target.

Ubuntu 16.04.2 LTS ubuntu-xenial ttyS0

ubuntu-xenial login: 